# JRE version: OpenJDK Runtime Environment (11.0.3+12) (build 11.0.3+12-b304.39)
# Java VM: OpenJDK 64-Bit Server VM (11.0.3+12-b304.39, mixed mode, tiered, compressed oops, concurrent mark sweep gc, linux-amd64)
Heap:
 par new generation   total 153344K, used 67838K [0x00000000d1200000, 0x00000000db860000, 0x00000000db860000)
  eden space 136320K,  48% used [0x00000000d1200000, 0x00000000d52ed2f0, 0x00000000d9720000)
  from space 17024K,   7% used [0x00000000d9720000, 0x00000000d9872550, 0x00000000da7c0000)
  to   space 17024K,   0% used [0x00000000da7c0000, 0x00000000da7c0000, 0x00000000db860000)
 concurrent mark-sweep generation total 597632K, used 228644K [0x00000000db860000, 0x0000000100000000, 0x0000000100000000)
 Metaspace       used 305516K, capacity 315379K, committed 315728K, reserved 1325056K
  class space    used 35857K, capacity 39626K, committed 39840K, reserved 1048576K
GC Heap History (10 events):
Event: 95200.383 GC heap before
{Heap before GC invocations=4809 (full 22):
 par new generation   total 153344K, used 138048K [0x00000000d1200000, 0x00000000db860000, 0x00000000db860000)
  eden space 136320K, 100% used [0x00000000d1200000, 0x00000000d9720000, 0x00000000d9720000)
  from space 17024K,  10% used [0x00000000da7c0000, 0x00000000da970330, 0x00000000db860000)
  to   space 17024K,   0% used [0x00000000d9720000, 0x00000000d9720000, 0x00000000da7c0000)
 concurrent mark-sweep generation total 597632K, used 228170K [0x00000000db860000, 0x0000000100000000, 0x0000000100000000)
 Metaspace       used 305370K, capacity 315241K, committed 315728K, reserved 1325056K
  class space    used 35833K, capacity 39582K, committed 39840K, reserved 1048576K
}
Event: 95200.389 GC heap after
{Heap after GC invocations=4810 (full 22):
 par new generation   total 153344K, used 2220K [0x00000000d1200000, 0x00000000db860000, 0x00000000db860000)
  eden space 136320K,   0% used [0x00000000d1200000, 0x00000000d1200000, 0x00000000d9720000)
  from space 17024K,  13% used [0x00000000d9720000, 0x00000000d994b2b8, 0x00000000da7c0000)
  to   space 17024K,   0% used [0x00000000da7c0000, 0x00000000da7c0000, 0x00000000db860000)
 concurrent mark-sweep generation total 597632K, used 228170K [0x00000000db860000, 0x0000000100000000, 0x0000000100000000)
 Metaspace       used 305370K, capacity 315241K, committed 315728K, reserved 1325056K
  class space    used 35833K, capacity 39582K, committed 39840K, reserved 1048576K
}
Event: 95702.622 GC heap before
{Heap before GC invocations=4810 (full 22):
 par new generation   total 153344K, used 138540K [0x00000000d1200000, 0x00000000db860000, 0x00000000db860000)
  eden space 136320K, 100% used [0x00000000d1200000, 0x00000000d9720000, 0x00000000d9720000)
  from space 17024K,  13% used [0x00000000d9720000, 0x00000000d994b2b8, 0x00000000da7c0000)
  to   space 17024K,   0% used [0x00000000da7c0000, 0x00000000da7c0000, 0x00000000db860000)
 concurrent mark-sweep generation total 597632K, used 228170K [0x00000000db860000, 0x0000000100000000, 0x0000000100000000)
 Metaspace       used 305375K, capacity 315241K, committed 315728K, reserved 1325056K
  class space    used 35833K, capacity 39582K, committed 39840K, reserved 1048576K
}
Event: 95702.630 GC heap after
{Heap after GC invocations=4811 (full 22):
 par new generation   total 153344K, used 2507K [0x00000000d1200000, 0x00000000db860000, 0x00000000db860000)
  eden space 136320K,   0% used [0x00000000d1200000, 0x00000000d1200000, 0x00000000d9720000)
  from space 17024K,  14% used [0x00000000da7c0000, 0x00000000daa32d60, 0x00000000db860000)
  to   space 17024K,   0% used [0x00000000d9720000, 0x00000000d9720000, 0x00000000da7c0000)
 concurrent mark-sweep generation total 597632K, used 228170K [0x00000000db860000, 0x0000000100000000, 0x0000000100000000)
 Metaspace       used 305375K, capacity 315241K, committed 315728K, reserved 1325056K
  class space    used 35833K, capacity 39582K, committed 39840K, reserved 1048576K
}
Event: 95754.635 GC heap before
{Heap before GC invocations=4811 (full 22):
 par new generation   total 153344K, used 138827K [0x00000000d1200000, 0x00000000db860000, 0x00000000db860000)
  eden space 136320K, 100% used [0x00000000d1200000, 0x00000000d9720000, 0x00000000d9720000)
  from space 17024K,  14% used [0x00000000da7c0000, 0x00000000daa32d60, 0x00000000db860000)
  to   space 17024K,   0% used [0x00000000d9720000, 0x00000000d9720000, 0x00000000da7c0000)
 concurrent mark-sweep generation total 597632K, used 228170K [0x00000000db860000, 0x0000000100000000, 0x0000000100000000)
 Metaspace       used 305385K, capacity 315247K, committed 315728K, reserved 1325056K
  class space    used 35835K, capacity 39584K, committed 39840K, reserved 1048576K
}
Event: 95754.646 GC heap after
{Heap after GC invocations=4812 (full 22):
 par new generation   total 153344K, used 2058K [0x00000000d1200000, 0x00000000db860000, 0x00000000db860000)
  eden space 136320K,   0% used [0x00000000d1200000, 0x00000000d1200000, 0x00000000d9720000)
  from space 17024K,  12% used [0x00000000d9720000, 0x00000000d9922908, 0x00000000da7c0000)
  to   space 17024K,   0% used [0x00000000da7c0000, 0x00000000da7c0000, 0x00000000db860000)
 concurrent mark-sweep generation total 597632K, used 228385K [0x00000000db860000, 0x0000000100000000, 0x0000000100000000)
 Metaspace       used 305385K, capacity 315247K, committed 315728K, reserved 1325056K
  class space    used 35835K, capacity 39584K, committed 39840K, reserved 1048576K
}
Event: 95774.166 GC heap before
{Heap before GC invocations=4812 (full 22):
 par new generation   total 153344K, used 138378K [0x00000000d1200000, 0x00000000db860000, 0x00000000db860000)
  eden space 136320K, 100% used [0x00000000d1200000, 0x00000000d9720000, 0x00000000d9720000)
  from space 17024K,  12% used [0x00000000d9720000, 0x00000000d9922908, 0x00000000da7c0000)
  to   space 17024K,   0% used [0x00000000da7c0000, 0x00000000da7c0000, 0x00000000db860000)
 concurrent mark-sweep generation total 597632K, used 228385K [0x00000000db860000, 0x0000000100000000, 0x0000000100000000)
 Metaspace       used 305385K, capacity 315247K, committed 315728K, reserved 1325056K
  class space    used 35835K, capacity 39584K, committed 39840K, reserved 1048576K
}
Event: 95774.172 GC heap after
{Heap after GC invocations=4813 (full 22):
 par new generation   total 153344K, used 2536K [0x00000000d1200000, 0x00000000db860000, 0x00000000db860000)
  eden space 136320K,   0% used [0x00000000d1200000, 0x00000000d1200000, 0x00000000d9720000)
  from space 17024K,  14% used [0x00000000da7c0000, 0x00000000daa3a1a0, 0x00000000db860000)
  to   space 17024K,   0% used [0x00000000d9720000, 0x00000000d9720000, 0x00000000da7c0000)
 concurrent mark-sweep generation total 597632K, used 228517K [0x00000000db860000, 0x0000000100000000, 0x0000000100000000)
 Metaspace       used 305385K, capacity 315247K, committed 315728K, reserved 1325056K
  class space    used 35835K, capacity 39584K, committed 39840K, reserved 1048576K
}
Event: 95833.836 GC heap before
{Heap before GC invocations=4813 (full 22):
 par new generation   total 153344K, used 138856K [0x00000000d1200000, 0x00000000db860000, 0x00000000db860000)
  eden space 136320K, 100% used [0x00000000d1200000, 0x00000000d9720000, 0x00000000d9720000)
  from space 17024K,  14% used [0x00000000da7c0000, 0x00000000daa3a1a0, 0x00000000db860000)
  to   space 17024K,   0% used [0x00000000d9720000, 0x00000000d9720000, 0x00000000da7c0000)
 concurrent mark-sweep generation total 597632K, used 228517K [0x00000000db860000, 0x0000000100000000, 0x0000000100000000)
 Metaspace       used 305385K, capacity 315247K, committed 315728K, reserved 1325056K
  class space    used 35835K, capacity 39584K, committed 39840K, reserved 1048576K
}
Event: 95833.842 GC heap after
{Heap after GC invocations=4814 (full 22):
 par new generation   total 153344K, used 1353K [0x00000000d1200000, 0x00000000db860000, 0x00000000db860000)
  eden space 136320K,   0% used [0x00000000d1200000, 0x00000000d1200000, 0x00000000d9720000)
  from space 17024K,   7% used [0x00000000d9720000, 0x00000000d9872550, 0x00000000da7c0000)
  to   space 17024K,   0% used [0x00000000da7c0000, 0x00000000da7c0000, 0x00000000db860000)
 concurrent mark-sweep generation total 597632K, used 228644K [0x00000000db860000, 0x0000000100000000, 0x0000000100000000)
 Metaspace       used 305385K, capacity 315247K, committed 315728K, reserved 1325056K
  class space    used 35835K, capacity 39584K, committed 39840K, reserved 1048576K
}

